<?xml version="1.0" encoding="UTF-8"?>
<testng-results total="2" passed="0" failed="0" skipped="2">
  <reporter-output>
  </reporter-output>
  <suite started-at="2022-10-17T07:56:34Z" name="Default suite" finished-at="2022-10-17T07:56:34Z" duration-ms="698">
    <groups>
    </groups>
    <test started-at="2022-10-17T07:56:34Z" name="Default test" finished-at="2022-10-17T07:56:34Z" duration-ms="698">
      <class name="mavenid123.HRM68">
        <test-method is-config="true" signature="suri()[pri:0, instance:mavenid123.HRM68@7e5c856f]" started-at="2022-10-17T13:26:34Z" name="suri" finished-at="2022-10-17T13:26:34Z" duration-ms="0" status="FAIL">
          <exception class="java.lang.NoSuchFieldError">
            <message>
              <![CDATA[INSTANCE]]>
            </message>
            <full-stacktrace>
              <![CDATA[java.lang.NoSuchFieldError: INSTANCE
	at org.apache.commons.io.FileUtils.listFiles(FileUtils.java:684)
	at io.github.bonigarcia.wdm.cache.CacheHandler.getFilesInCache(CacheHandler.java:74)
	at io.github.bonigarcia.wdm.cache.CacheHandler.getDriverFromCache(CacheHandler.java:84)
	at io.github.bonigarcia.wdm.WebDriverManager.manage(WebDriverManager.java:1185)
	at io.github.bonigarcia.wdm.WebDriverManager.setup(WebDriverManager.java:418)
	at mavenid123.HRM68.suri(HRM68.java:23)
	at java.base/jdk.internal.reflect.NativeMethodAccessorImpl.invoke0(Native Method)
	at java.base/jdk.internal.reflect.NativeMethodAccessorImpl.invoke(NativeMethodAccessorImpl.java:77)
	at java.base/jdk.internal.reflect.DelegatingMethodAccessorImpl.invoke(DelegatingMethodAccessorImpl.java:43)
	at java.base/java.lang.reflect.Method.invoke(Method.java:568)
	at org.testng.internal.MethodInvocationHelper.invokeMethod(MethodInvocationHelper.java:86)
	at org.testng.internal.Invoker.invokeConfigurationMethod(Invoker.java:514)
	at org.testng.internal.Invoker.invokeConfigurations(Invoker.java:215)
	at org.testng.internal.Invoker.invokeConfigurations(Invoker.java:142)
	at org.testng.TestRunner.beforeRun(TestRunner.java:656)
	at org.testng.TestRunner.run(TestRunner.java:624)
	at org.testng.SuiteRunner.runTest(SuiteRunner.java:366)
	at org.testng.SuiteRunner.runSequentially(SuiteRunner.java:361)
	at org.testng.SuiteRunner.privateRun(SuiteRunner.java:319)
	at org.testng.SuiteRunner.run(SuiteRunner.java:268)
	at org.testng.SuiteRunnerWorker.runSuite(SuiteRunnerWorker.java:52)
	at org.testng.SuiteRunnerWorker.run(SuiteRunnerWorker.java:86)
	at org.testng.TestNG.runSuitesSequentially(TestNG.java:1244)
	at org.testng.TestNG.runSuitesLocally(TestNG.java:1169)
	at org.testng.TestNG.run(TestNG.java:1064)
	at org.testng.remote.AbstractRemoteTestNG.run(AbstractRemoteTestNG.java:115)
	at org.testng.remote.RemoteTestNG.initAndRun(RemoteTestNG.java:251)
	at org.testng.remote.RemoteTestNG.main(RemoteTestNG.java:77)
]]>
            </full-stacktrace>
          </exception> <!-- java.lang.NoSuchFieldError -->
          <reporter-output>
          </reporter-output>
        </test-method> <!-- suri -->
        <test-method signature="testcase1()[pri:0, instance:mavenid123.HRM68@7e5c856f]" started-at="2022-10-17T13:26:34Z" name="testcase1" finished-at="2022-10-17T13:26:34Z" duration-ms="2" status="SKIP">
          <reporter-output>
          </reporter-output>
        </test-method> <!-- testcase1 -->
        <test-method signature="window()[pri:0, instance:mavenid123.HRM68@7e5c856f]" started-at="2022-10-17T13:26:34Z" name="window" finished-at="2022-10-17T13:26:34Z" duration-ms="2" status="SKIP">
          <reporter-output>
          </reporter-output>
        </test-method> <!-- window -->
      </class> <!-- mavenid123.HRM68 -->
    </test> <!-- Default test -->
  </suite> <!-- Default suite -->
</testng-results>
